{
  "stats": {
    "suites": 1,
    "tests": 1,
    "passes": 1,
    "pending": 0,
    "failures": 0,
    "start": "2025-10-23T05:29:08.982Z",
    "end": "2025-10-23T05:29:10.687Z",
    "duration": 1705,
    "testsRegistered": 1,
    "passPercent": 100,
    "pendingPercent": 0,
    "other": 0,
    "hasOther": false,
    "skipped": 0,
    "hasSkipped": false
  },
  "results": [
    {
      "uuid": "bc8f66b5-6857-41da-821e-1bbe29622975",
      "title": "",
      "fullFile": "cypress\\e2e\\login_empty_fields.cy.js",
      "file": "cypress\\e2e\\login_empty_fields.cy.js",
      "beforeHooks": [],
      "afterHooks": [],
      "tests": [],
      "suites": [
        {
          "uuid": "feea9116-71ef-413b-b0ab-ee517b647d64",
          "title": "Login con campos vacíos",
          "fullFile": "",
          "file": "",
          "beforeHooks": [],
          "afterHooks": [],
          "tests": [
            {
              "title": "Debe mostrar un error si se intenta ingresar sin usuario ni contraseña",
              "fullTitle": "Login con campos vacíos Debe mostrar un error si se intenta ingresar sin usuario ni contraseña",
              "timedOut": null,
              "duration": 1659,
              "state": "passed",
              "speed": "fast",
              "pass": true,
              "fail": false,
              "pending": false,
              "context": null,
              "code": "cy.visit('https://www.saucedemo.com/');\ncy.get('#login-button').click();\ncy.get('[data-test=\"error\"]').should('be.visible').and('contain', 'Username is required');",
              "err": {},
              "uuid": "24f5d961-ba5d-4518-8a65-19770362ebfc",
              "parentUUID": "feea9116-71ef-413b-b0ab-ee517b647d64",
              "isHook": false,
              "skipped": false
            }
          ],
          "suites": [],
          "passes": [
            "24f5d961-ba5d-4518-8a65-19770362ebfc"
          ],
          "failures": [],
          "pending": [],
          "skipped": [],
          "duration": 1659,
          "root": false,
          "rootEmpty": false,
          "_timeout": 2000
        }
      ],
      "passes": [],
      "failures": [],
      "pending": [],
      "skipped": [],
      "duration": 0,
      "root": true,
      "rootEmpty": true,
      "_timeout": 2000
    }
  ],
  "meta": {
    "mocha": {
      "version": "7.2.0"
    },
    "mochawesome": {
      "options": {
        "quiet": false,
        "reportFilename": "mochawesome",
        "saveHtml": false,
        "saveJson": true,
        "consoleReporter": "spec",
        "useInlineDiffs": false,
        "code": true
      },
      "version": "7.1.4"
    },
    "marge": {
      "options": {
        "reportDir": "cypress/reports",
        "overwrite": false,
        "html": false,
        "json": true
      },
      "version": "6.3.0"
    }
  }
}