{
  "stats": {
    "suites": 1,
    "tests": 1,
    "passes": 1,
    "pending": 0,
    "failures": 0,
    "start": "2025-10-23T05:29:18.161Z",
    "end": "2025-10-23T05:29:19.916Z",
    "duration": 1755,
    "testsRegistered": 1,
    "passPercent": 100,
    "pendingPercent": 0,
    "other": 0,
    "hasOther": false,
    "skipped": 0,
    "hasSkipped": false
  },
  "results": [
    {
      "uuid": "41207f8f-f9ff-4162-8923-312d231e3dc3",
      "title": "",
      "fullFile": "cypress\\e2e\\login_logout.cy.js",
      "file": "cypress\\e2e\\login_logout.cy.js",
      "beforeHooks": [],
      "afterHooks": [],
      "tests": [],
      "suites": [
        {
          "uuid": "b60afe03-06aa-437e-872c-fb7bc6d0c558",
          "title": "Pruebas de Login y Logout - SauceDemo",
          "fullFile": "",
          "file": "",
          "beforeHooks": [],
          "afterHooks": [],
          "tests": [
            {
              "title": "Inicia sesión correctamente y cierra sesión",
              "fullTitle": "Pruebas de Login y Logout - SauceDemo Inicia sesión correctamente y cierra sesión",
              "timedOut": null,
              "duration": 1699,
              "state": "passed",
              "speed": "fast",
              "pass": true,
              "fail": false,
              "pending": false,
              "context": null,
              "code": "cy.visit('https://www.saucedemo.com/');\ncy.get('#user-name').type('standard_user');\ncy.get('#password').type('secret_sauce');\ncy.get('#login-button').click();\ncy.url().should('include', '/inventory.html');\ncy.get('.title').should('contain', 'Products');\ncy.get('#react-burger-menu-btn').click();\ncy.get('#logout_sidebar_link').click();\ncy.url().should('include', 'saucedemo.com');\ncy.get('#login-button').should('be.visible');",
              "err": {},
              "uuid": "481ee9c1-3c45-489a-864f-aabafc30d213",
              "parentUUID": "b60afe03-06aa-437e-872c-fb7bc6d0c558",
              "isHook": false,
              "skipped": false
            }
          ],
          "suites": [],
          "passes": [
            "481ee9c1-3c45-489a-864f-aabafc30d213"
          ],
          "failures": [],
          "pending": [],
          "skipped": [],
          "duration": 1699,
          "root": false,
          "rootEmpty": false,
          "_timeout": 2000
        }
      ],
      "passes": [],
      "failures": [],
      "pending": [],
      "skipped": [],
      "duration": 0,
      "root": true,
      "rootEmpty": true,
      "_timeout": 2000
    }
  ],
  "meta": {
    "mocha": {
      "version": "7.2.0"
    },
    "mochawesome": {
      "options": {
        "quiet": false,
        "reportFilename": "mochawesome",
        "saveHtml": false,
        "saveJson": true,
        "consoleReporter": "spec",
        "useInlineDiffs": false,
        "code": true
      },
      "version": "7.1.4"
    },
    "marge": {
      "options": {
        "reportDir": "cypress/reports",
        "overwrite": false,
        "html": false,
        "json": true
      },
      "version": "6.3.0"
    }
  }
}