{
  "stats": {
    "suites": 1,
    "tests": 1,
    "passes": 1,
    "pending": 0,
    "failures": 0,
    "start": "2025-10-23T05:29:13.377Z",
    "end": "2025-10-23T05:29:14.947Z",
    "duration": 1570,
    "testsRegistered": 1,
    "passPercent": 100,
    "pendingPercent": 0,
    "other": 0,
    "hasOther": false,
    "skipped": 0,
    "hasSkipped": false
  },
  "results": [
    {
      "uuid": "b31b0e88-e467-4b0f-8e88-27be71f3fb88",
      "title": "",
      "fullFile": "cypress\\e2e\\login_invalid.cy.js",
      "file": "cypress\\e2e\\login_invalid.cy.js",
      "beforeHooks": [],
      "afterHooks": [],
      "tests": [],
      "suites": [
        {
          "uuid": "2b1fb63a-4b09-45c8-b27b-ced8704a79c8",
          "title": "Prueba de login con credenciales incorrectas",
          "fullFile": "",
          "file": "",
          "beforeHooks": [],
          "afterHooks": [],
          "tests": [
            {
              "title": "Debe mostrar un mensaje de error al ingresar una contraseña incorrecta",
              "fullTitle": "Prueba de login con credenciales incorrectas Debe mostrar un mensaje de error al ingresar una contraseña incorrecta",
              "timedOut": null,
              "duration": 1510,
              "state": "passed",
              "speed": "fast",
              "pass": true,
              "fail": false,
              "pending": false,
              "context": null,
              "code": "cy.visit('https://www.saucedemo.com/');\ncy.get('#user-name').type('standard_user');\ncy.get('#password').type('clave_invalida');\ncy.get('#login-button').click();\ncy.get('[data-test=\"error\"]').should('be.visible').and('contain', 'Username and password do not match');\ncy.url().should('eq', 'https://www.saucedemo.com/');",
              "err": {},
              "uuid": "2bd06ebc-e57c-4362-9fdf-cd5e5512ff67",
              "parentUUID": "2b1fb63a-4b09-45c8-b27b-ced8704a79c8",
              "isHook": false,
              "skipped": false
            }
          ],
          "suites": [],
          "passes": [
            "2bd06ebc-e57c-4362-9fdf-cd5e5512ff67"
          ],
          "failures": [],
          "pending": [],
          "skipped": [],
          "duration": 1510,
          "root": false,
          "rootEmpty": false,
          "_timeout": 2000
        }
      ],
      "passes": [],
      "failures": [],
      "pending": [],
      "skipped": [],
      "duration": 0,
      "root": true,
      "rootEmpty": true,
      "_timeout": 2000
    }
  ],
  "meta": {
    "mocha": {
      "version": "7.2.0"
    },
    "mochawesome": {
      "options": {
        "quiet": false,
        "reportFilename": "mochawesome",
        "saveHtml": false,
        "saveJson": true,
        "consoleReporter": "spec",
        "useInlineDiffs": false,
        "code": true
      },
      "version": "7.1.4"
    },
    "marge": {
      "options": {
        "reportDir": "cypress/reports",
        "overwrite": false,
        "html": false,
        "json": true
      },
      "version": "6.3.0"
    }
  }
}