{
  "stats": {
    "suites": 3,
    "tests": 3,
    "passes": 3,
    "pending": 0,
    "failures": 0,
    "testsRegistered": 3,
    "passPercent": 100,
    "pendingPercent": 0,
    "other": 0,
    "hasOther": false,
    "skipped": 0,
    "hasSkipped": false,
    "start": "2025-10-23T05:29:08.982Z",
    "end": "2025-10-23T05:29:19.916Z",
    "duration": 10934
  },
  "results": [
    {
      "uuid": "b31b0e88-e467-4b0f-8e88-27be71f3fb88",
      "title": "",
      "fullFile": "cypress\\e2e\\login_invalid.cy.js",
      "file": "cypress\\e2e\\login_invalid.cy.js",
      "beforeHooks": [],
      "afterHooks": [],
      "tests": [],
      "suites": [
        {
          "uuid": "2b1fb63a-4b09-45c8-b27b-ced8704a79c8",
          "title": "Prueba de login con credenciales incorrectas",
          "fullFile": "",
          "file": "",
          "beforeHooks": [],
          "afterHooks": [],
          "tests": [
            {
              "title": "Debe mostrar un mensaje de error al ingresar una contraseña incorrecta",
              "fullTitle": "Prueba de login con credenciales incorrectas Debe mostrar un mensaje de error al ingresar una contraseña incorrecta",
              "timedOut": null,
              "duration": 1510,
              "state": "passed",
              "speed": "fast",
              "pass": true,
              "fail": false,
              "pending": false,
              "context": null,
              "code": "cy.visit('https://www.saucedemo.com/');\ncy.get('#user-name').type('standard_user');\ncy.get('#password').type('clave_invalida');\ncy.get('#login-button').click();\ncy.get('[data-test=\"error\"]').should('be.visible').and('contain', 'Username and password do not match');\ncy.url().should('eq', 'https://www.saucedemo.com/');",
              "err": {},
              "uuid": "2bd06ebc-e57c-4362-9fdf-cd5e5512ff67",
              "parentUUID": "2b1fb63a-4b09-45c8-b27b-ced8704a79c8",
              "isHook": false,
              "skipped": false
            }
          ],
          "suites": [],
          "passes": [
            "2bd06ebc-e57c-4362-9fdf-cd5e5512ff67"
          ],
          "failures": [],
          "pending": [],
          "skipped": [],
          "duration": 1510,
          "root": false,
          "rootEmpty": false,
          "_timeout": 2000
        }
      ],
      "passes": [],
      "failures": [],
      "pending": [],
      "skipped": [],
      "duration": 0,
      "root": true,
      "rootEmpty": true,
      "_timeout": 2000
    },
    {
      "uuid": "41207f8f-f9ff-4162-8923-312d231e3dc3",
      "title": "",
      "fullFile": "cypress\\e2e\\login_logout.cy.js",
      "file": "cypress\\e2e\\login_logout.cy.js",
      "beforeHooks": [],
      "afterHooks": [],
      "tests": [],
      "suites": [
        {
          "uuid": "b60afe03-06aa-437e-872c-fb7bc6d0c558",
          "title": "Pruebas de Login y Logout - SauceDemo",
          "fullFile": "",
          "file": "",
          "beforeHooks": [],
          "afterHooks": [],
          "tests": [
            {
              "title": "Inicia sesión correctamente y cierra sesión",
              "fullTitle": "Pruebas de Login y Logout - SauceDemo Inicia sesión correctamente y cierra sesión",
              "timedOut": null,
              "duration": 1699,
              "state": "passed",
              "speed": "fast",
              "pass": true,
              "fail": false,
              "pending": false,
              "context": null,
              "code": "cy.visit('https://www.saucedemo.com/');\ncy.get('#user-name').type('standard_user');\ncy.get('#password').type('secret_sauce');\ncy.get('#login-button').click();\ncy.url().should('include', '/inventory.html');\ncy.get('.title').should('contain', 'Products');\ncy.get('#react-burger-menu-btn').click();\ncy.get('#logout_sidebar_link').click();\ncy.url().should('include', 'saucedemo.com');\ncy.get('#login-button').should('be.visible');",
              "err": {},
              "uuid": "481ee9c1-3c45-489a-864f-aabafc30d213",
              "parentUUID": "b60afe03-06aa-437e-872c-fb7bc6d0c558",
              "isHook": false,
              "skipped": false
            }
          ],
          "suites": [],
          "passes": [
            "481ee9c1-3c45-489a-864f-aabafc30d213"
          ],
          "failures": [],
          "pending": [],
          "skipped": [],
          "duration": 1699,
          "root": false,
          "rootEmpty": false,
          "_timeout": 2000
        }
      ],
      "passes": [],
      "failures": [],
      "pending": [],
      "skipped": [],
      "duration": 0,
      "root": true,
      "rootEmpty": true,
      "_timeout": 2000
    },
    {
      "uuid": "bc8f66b5-6857-41da-821e-1bbe29622975",
      "title": "",
      "fullFile": "cypress\\e2e\\login_empty_fields.cy.js",
      "file": "cypress\\e2e\\login_empty_fields.cy.js",
      "beforeHooks": [],
      "afterHooks": [],
      "tests": [],
      "suites": [
        {
          "uuid": "feea9116-71ef-413b-b0ab-ee517b647d64",
          "title": "Login con campos vacíos",
          "fullFile": "",
          "file": "",
          "beforeHooks": [],
          "afterHooks": [],
          "tests": [
            {
              "title": "Debe mostrar un error si se intenta ingresar sin usuario ni contraseña",
              "fullTitle": "Login con campos vacíos Debe mostrar un error si se intenta ingresar sin usuario ni contraseña",
              "timedOut": null,
              "duration": 1659,
              "state": "passed",
              "speed": "fast",
              "pass": true,
              "fail": false,
              "pending": false,
              "context": null,
              "code": "cy.visit('https://www.saucedemo.com/');\ncy.get('#login-button').click();\ncy.get('[data-test=\"error\"]').should('be.visible').and('contain', 'Username is required');",
              "err": {},
              "uuid": "24f5d961-ba5d-4518-8a65-19770362ebfc",
              "parentUUID": "feea9116-71ef-413b-b0ab-ee517b647d64",
              "isHook": false,
              "skipped": false
            }
          ],
          "suites": [],
          "passes": [
            "24f5d961-ba5d-4518-8a65-19770362ebfc"
          ],
          "failures": [],
          "pending": [],
          "skipped": [],
          "duration": 1659,
          "root": false,
          "rootEmpty": false,
          "_timeout": 2000
        }
      ],
      "passes": [],
      "failures": [],
      "pending": [],
      "skipped": [],
      "duration": 0,
      "root": true,
      "rootEmpty": true,
      "_timeout": 2000
    }
  ],
  "meta": {
    "mocha": {
      "version": "7.2.0"
    },
    "mochawesome": {
      "options": {
        "quiet": false,
        "reportFilename": "mochawesome",
        "saveHtml": false,
        "saveJson": true,
        "consoleReporter": "spec",
        "useInlineDiffs": false,
        "code": true
      },
      "version": "7.1.4"
    },
    "marge": {
      "options": {
        "reportDir": "cypress/reports",
        "overwrite": false,
        "html": false,
        "json": true
      },
      "version": "6.3.0"
    }
  }
}